2018-04-14 11:29:44.377  INFO 14372 --- [restartedMain] com.example.demo05.Demo05Application     : Starting Demo05Application on DESKTOP-CKEQQLQ with PID 14372 (started by lzw in D:\springboot github\springboot-project)
2018-04-14 11:29:44.378  INFO 14372 --- [restartedMain] com.example.demo05.Demo05Application     : No active profile set, falling back to default profiles: default
2018-04-14 11:29:44.483  INFO 14372 --- [restartedMain] ConfigServletWebServerApplicationContext : Refreshing org.springframework.boot.web.servlet.context.AnnotationConfigServletWebServerApplicationContext@2f734c21: startup date [Sat Apr 14 11:29:44 CST 2018]; root of context hierarchy
2018-04-14 11:29:45.957  INFO 14372 --- [restartedMain] trationDelegate$BeanPostProcessorChecker : Bean 'org.springframework.transaction.annotation.ProxyTransactionManagementConfiguration' of type [org.springframework.transaction.annotation.ProxyTransactionManagementConfiguration$$EnhancerBySpringCGLIB$$e6e8c41d] is not eligible for getting processed by all BeanPostProcessors (for example: not eligible for auto-proxying)
2018-04-14 11:29:46.442  INFO 14372 --- [restartedMain] o.s.b.w.embedded.tomcat.TomcatWebServer  : Tomcat initialized with port(s): 8888 (http)
2018-04-14 11:29:46.472  INFO 14372 --- [restartedMain] o.apache.catalina.core.StandardService   : Starting service [Tomcat]
2018-04-14 11:29:46.472  INFO 14372 --- [restartedMain] org.apache.catalina.core.StandardEngine  : Starting Servlet Engine: Apache Tomcat/8.5.28
2018-04-14 11:29:46.482  INFO 14372 --- [localhost-startStop-1] o.a.catalina.core.AprLifecycleListener   : The APR based Apache Tomcat Native library which allows optimal performance in production environments was not found on the java.library.path: [D:\java\jdk1.8.2\bin;C:\WINDOWS\Sun\Java\bin;C:\WINDOWS\system32;C:\WINDOWS;C:\Program Files (x86)\Intel\iCLS Client\;C:\Program Files\Intel\iCLS Client\;C:\Windows\system32;C:\Windows;C:\Windows\System32\Wbem;C:\Windows\System32\WindowsPowerShell\v1.0\;C:\Program Files (x86)\Intel\Intel(R) Management Engine Components\DAL;C:\Program Files\Intel\Intel(R) Management Engine Components\DAL;C:\Program Files (x86)\Intel\Intel(R) Management Engine Components\IPT;C:\Program Files\Intel\Intel(R) Management Engine Components\IPT;C:\Program Files (x86)\NVIDIA Corporation\PhysX\Common;C:\WINDOWS\system32;C:\WINDOWS;C:\WINDOWS\System32\Wbem;C:\WINDOWS\System32\WindowsPowerShell\v1.0\;C:\Users\lzw\AppData\Local\Microsoft\WindowsApps;C:\Users\lzw\AppData\Local\GitHubDesktop\bin;.]
2018-04-14 11:29:46.581  INFO 14372 --- [localhost-startStop-1] o.a.c.c.C.[Tomcat].[localhost].[/]       : Initializing Spring embedded WebApplicationContext
2018-04-14 11:29:46.582  INFO 14372 --- [localhost-startStop-1] o.s.web.context.ContextLoader            : Root WebApplicationContext: initialization completed in 2099 ms
2018-04-14 11:29:46.797  INFO 14372 --- [localhost-startStop-1] o.s.b.w.servlet.ServletRegistrationBean  : Servlet dispatcherServlet mapped to [/]
2018-04-14 11:29:46.800  INFO 14372 --- [localhost-startStop-1] o.s.b.w.servlet.ServletRegistrationBean  : Servlet com.example.demo05.common.servlet.DruidStatViewServlet mapped to [/druid/*]
2018-04-14 11:29:46.802  INFO 14372 --- [localhost-startStop-1] o.s.b.w.servlet.FilterRegistrationBean   : Mapping filter: 'characterEncodingFilter' to: [/*]
2018-04-14 11:29:46.803  INFO 14372 --- [localhost-startStop-1] o.s.b.w.servlet.FilterRegistrationBean   : Mapping filter: 'hiddenHttpMethodFilter' to: [/*]
2018-04-14 11:29:46.803  INFO 14372 --- [localhost-startStop-1] o.s.b.w.servlet.FilterRegistrationBean   : Mapping filter: 'httpPutFormContentFilter' to: [/*]
2018-04-14 11:29:46.803  INFO 14372 --- [localhost-startStop-1] o.s.b.w.servlet.FilterRegistrationBean   : Mapping filter: 'requestContextFilter' to: [/*]
2018-04-14 11:29:46.803  INFO 14372 --- [localhost-startStop-1] o.s.b.w.servlet.FilterRegistrationBean   : Mapping filter: 'druidWebStatFilter' to urls: [/*]
2018-04-14 11:29:47.428  INFO 14372 --- [restartedMain] com.alibaba.druid.pool.DruidDataSource   : {dataSource-1} inited
2018-04-14 11:29:47.467  INFO 14372 --- [restartedMain] j.LocalContainerEntityManagerFactoryBean : Building JPA container EntityManagerFactory for persistence unit 'default'
2018-04-14 11:29:47.481  INFO 14372 --- [restartedMain] o.hibernate.jpa.internal.util.LogHelper  : HHH000204: Processing PersistenceUnitInfo [
	name: default
	...]
2018-04-14 11:29:47.569  INFO 14372 --- [restartedMain] org.hibernate.Version                    : HHH000412: Hibernate Core {5.2.14.Final}
2018-04-14 11:29:47.570  INFO 14372 --- [restartedMain] org.hibernate.cfg.Environment            : HHH000206: hibernate.properties not found
2018-04-14 11:29:47.643  INFO 14372 --- [restartedMain] o.hibernate.annotations.common.Version   : HCANN000001: Hibernate Commons Annotations {5.0.1.Final}
2018-04-14 11:29:47.796  INFO 14372 --- [restartedMain] org.hibernate.dialect.Dialect            : HHH000400: Using dialect: org.hibernate.dialect.MySQL5Dialect
2018-04-14 11:29:48.020  INFO 14372 --- [restartedMain] j.LocalContainerEntityManagerFactoryBean : Initialized JPA EntityManagerFactory for persistence unit 'default'
2018-04-14 11:29:48.785  INFO 14372 --- [restartedMain] s.w.s.m.m.a.RequestMappingHandlerAdapter : Looking for @ControllerAdvice: org.springframework.boot.web.servlet.context.AnnotationConfigServletWebServerApplicationContext@2f734c21: startup date [Sat Apr 14 11:29:44 CST 2018]; root of context hierarchy
2018-04-14 11:29:48.840  WARN 14372 --- [restartedMain] aWebConfiguration$JpaWebMvcConfiguration : spring.jpa.open-in-view is enabled by default. Therefore, database queries may be performed during view rendering. Explicitly configure spring.jpa.open-in-view to disable this warning
2018-04-14 11:29:48.881  INFO 14372 --- [restartedMain] s.w.s.m.m.a.RequestMappingHandlerMapping : Mapped "{[/user/findAll]}" onto public com.example.demo05.utils.JsonResult com.example.demo05.controller.UserController.findAll(int,int)
2018-04-14 11:29:48.884  INFO 14372 --- [restartedMain] s.w.s.m.m.a.RequestMappingHandlerMapping : Mapped "{[/error]}" onto public org.springframework.http.ResponseEntity<java.util.Map<java.lang.String, java.lang.Object>> org.springframework.boot.autoconfigure.web.servlet.error.BasicErrorController.error(javax.servlet.http.HttpServletRequest)
2018-04-14 11:29:48.884  INFO 14372 --- [restartedMain] s.w.s.m.m.a.RequestMappingHandlerMapping : Mapped "{[/error],produces=[text/html]}" onto public org.springframework.web.servlet.ModelAndView org.springframework.boot.autoconfigure.web.servlet.error.BasicErrorController.errorHtml(javax.servlet.http.HttpServletRequest,javax.servlet.http.HttpServletResponse)
2018-04-14 11:29:48.926  INFO 14372 --- [restartedMain] o.s.w.s.handler.SimpleUrlHandlerMapping  : Mapped URL path [/webjars/**] onto handler of type [class org.springframework.web.servlet.resource.ResourceHttpRequestHandler]
2018-04-14 11:29:48.926  INFO 14372 --- [restartedMain] o.s.w.s.handler.SimpleUrlHandlerMapping  : Mapped URL path [/**] onto handler of type [class org.springframework.web.servlet.resource.ResourceHttpRequestHandler]
2018-04-14 11:29:48.970  INFO 14372 --- [restartedMain] o.s.w.s.handler.SimpleUrlHandlerMapping  : Mapped URL path [/**/favicon.ico] onto handler of type [class org.springframework.web.servlet.resource.ResourceHttpRequestHandler]
2018-04-14 11:29:49.275  INFO 14372 --- [restartedMain] o.s.b.d.a.OptionalLiveReloadServer       : LiveReload server is running on port 35729
2018-04-14 11:29:49.378  INFO 14372 --- [restartedMain] o.s.j.e.a.AnnotationMBeanExporter        : Registering beans for JMX exposure on startup
2018-04-14 11:29:49.379  INFO 14372 --- [restartedMain] o.s.j.e.a.AnnotationMBeanExporter        : Bean with name 'dataSource' has been autodetected for JMX exposure
2018-04-14 11:29:49.385  INFO 14372 --- [restartedMain] o.s.j.e.a.AnnotationMBeanExporter        : Located MBean 'dataSource': registering with JMX server as MBean [com.alibaba.druid.pool:name=dataSource,type=DruidDataSource]
2018-04-14 11:29:49.423  INFO 14372 --- [restartedMain] o.s.b.w.embedded.tomcat.TomcatWebServer  : Tomcat started on port(s): 8888 (http) with context path ''
2018-04-14 11:29:49.427  INFO 14372 --- [restartedMain] com.example.demo05.Demo05Application     : Started Demo05Application in 5.575 seconds (JVM running for 7.655)
2018-04-14 11:30:16.546  INFO 14372 --- [http-nio-8888-exec-2] o.a.c.c.C.[Tomcat].[localhost].[/]       : Initializing Spring FrameworkServlet 'dispatcherServlet'
2018-04-14 11:30:16.547  INFO 14372 --- [http-nio-8888-exec-2] o.s.web.servlet.DispatcherServlet        : FrameworkServlet 'dispatcherServlet': initialization started
2018-04-14 11:30:16.573  INFO 14372 --- [http-nio-8888-exec-2] o.s.web.servlet.DispatcherServlet        : FrameworkServlet 'dispatcherServlet': initialization completed in 26 ms
2018-04-14 11:30:16.681  INFO 14372 --- [http-nio-8888-exec-2] c.e.demo05.controller.UserController     : 接口开始调用   输入参数：pageNum 1;pageSize 2
2018-04-14 11:30:16.759  INFO 14372 --- [http-nio-8888-exec-2] c.e.demo05.controller.UserController     : 接口结束调用
2018-04-14 11:37:36.667  INFO 9744 --- [restartedMain] com.example.demo05.Demo05Application     : Starting Demo05Application on DESKTOP-CKEQQLQ with PID 9744 (started by lzw in D:\springboot github\springboot-project)
2018-04-14 11:37:36.675  INFO 9744 --- [restartedMain] com.example.demo05.Demo05Application     : No active profile set, falling back to default profiles: default
2018-04-14 11:37:36.780  INFO 9744 --- [restartedMain] ConfigServletWebServerApplicationContext : Refreshing org.springframework.boot.web.servlet.context.AnnotationConfigServletWebServerApplicationContext@2f611a93: startup date [Sat Apr 14 11:37:36 CST 2018]; root of context hierarchy
2018-04-14 11:37:38.323  INFO 9744 --- [restartedMain] trationDelegate$BeanPostProcessorChecker : Bean 'org.springframework.transaction.annotation.ProxyTransactionManagementConfiguration' of type [org.springframework.transaction.annotation.ProxyTransactionManagementConfiguration$$EnhancerBySpringCGLIB$$dde4a4f7] is not eligible for getting processed by all BeanPostProcessors (for example: not eligible for auto-proxying)
2018-04-14 11:37:38.644  INFO 9744 --- [restartedMain] o.s.b.w.embedded.tomcat.TomcatWebServer  : Tomcat initialized with port(s): 8888 (http)
2018-04-14 11:37:38.671  INFO 9744 --- [restartedMain] o.apache.catalina.core.StandardService   : Starting service [Tomcat]
2018-04-14 11:37:38.671  INFO 9744 --- [restartedMain] org.apache.catalina.core.StandardEngine  : Starting Servlet Engine: Apache Tomcat/8.5.28
2018-04-14 11:37:38.675  INFO 9744 --- [localhost-startStop-1] o.a.catalina.core.AprLifecycleListener   : The APR based Apache Tomcat Native library which allows optimal performance in production environments was not found on the java.library.path: [D:\java\jdk1.8.2\bin;C:\WINDOWS\Sun\Java\bin;C:\WINDOWS\system32;C:\WINDOWS;C:\Program Files (x86)\Intel\iCLS Client\;C:\Program Files\Intel\iCLS Client\;C:\Windows\system32;C:\Windows;C:\Windows\System32\Wbem;C:\Windows\System32\WindowsPowerShell\v1.0\;C:\Program Files (x86)\Intel\Intel(R) Management Engine Components\DAL;C:\Program Files\Intel\Intel(R) Management Engine Components\DAL;C:\Program Files (x86)\Intel\Intel(R) Management Engine Components\IPT;C:\Program Files\Intel\Intel(R) Management Engine Components\IPT;C:\Program Files (x86)\NVIDIA Corporation\PhysX\Common;C:\WINDOWS\system32;C:\WINDOWS;C:\WINDOWS\System32\Wbem;C:\WINDOWS\System32\WindowsPowerShell\v1.0\;C:\Users\lzw\AppData\Local\Microsoft\WindowsApps;C:\Users\lzw\AppData\Local\GitHubDesktop\bin;.]
2018-04-14 11:37:38.779  INFO 9744 --- [localhost-startStop-1] o.a.c.c.C.[Tomcat].[localhost].[/]       : Initializing Spring embedded WebApplicationContext
2018-04-14 11:37:38.779  INFO 9744 --- [localhost-startStop-1] o.s.web.context.ContextLoader            : Root WebApplicationContext: initialization completed in 1999 ms
2018-04-14 11:37:38.975  INFO 9744 --- [localhost-startStop-1] o.s.b.w.servlet.ServletRegistrationBean  : Servlet dispatcherServlet mapped to [/]
2018-04-14 11:37:38.976  INFO 9744 --- [localhost-startStop-1] o.s.b.w.servlet.ServletRegistrationBean  : Servlet com.example.demo05.common.servlet.DruidStatViewServlet mapped to [/druid/*]
2018-04-14 11:37:38.979  INFO 9744 --- [localhost-startStop-1] o.s.b.w.servlet.FilterRegistrationBean   : Mapping filter: 'characterEncodingFilter' to: [/*]
2018-04-14 11:37:38.979  INFO 9744 --- [localhost-startStop-1] o.s.b.w.servlet.FilterRegistrationBean   : Mapping filter: 'hiddenHttpMethodFilter' to: [/*]
2018-04-14 11:37:38.980  INFO 9744 --- [localhost-startStop-1] o.s.b.w.servlet.FilterRegistrationBean   : Mapping filter: 'httpPutFormContentFilter' to: [/*]
2018-04-14 11:37:38.980  INFO 9744 --- [localhost-startStop-1] o.s.b.w.servlet.FilterRegistrationBean   : Mapping filter: 'requestContextFilter' to: [/*]
2018-04-14 11:37:38.980  INFO 9744 --- [localhost-startStop-1] o.s.b.w.servlet.FilterRegistrationBean   : Mapping filter: 'druidWebStatFilter' to urls: [/*]
2018-04-14 11:37:39.495  INFO 9744 --- [restartedMain] com.alibaba.druid.pool.DruidDataSource   : {dataSource-1} inited
2018-04-14 11:37:39.527  INFO 9744 --- [restartedMain] j.LocalContainerEntityManagerFactoryBean : Building JPA container EntityManagerFactory for persistence unit 'default'
2018-04-14 11:37:39.538  INFO 9744 --- [restartedMain] o.hibernate.jpa.internal.util.LogHelper  : HHH000204: Processing PersistenceUnitInfo [
	name: default
	...]
2018-04-14 11:37:39.600  INFO 9744 --- [restartedMain] org.hibernate.Version                    : HHH000412: Hibernate Core {5.2.14.Final}
2018-04-14 11:37:39.602  INFO 9744 --- [restartedMain] org.hibernate.cfg.Environment            : HHH000206: hibernate.properties not found
2018-04-14 11:37:39.663  INFO 9744 --- [restartedMain] o.hibernate.annotations.common.Version   : HCANN000001: Hibernate Commons Annotations {5.0.1.Final}
2018-04-14 11:37:39.868  INFO 9744 --- [restartedMain] org.hibernate.dialect.Dialect            : HHH000400: Using dialect: org.hibernate.dialect.MySQL5Dialect
2018-04-14 11:37:40.265  INFO 9744 --- [restartedMain] j.LocalContainerEntityManagerFactoryBean : Initialized JPA EntityManagerFactory for persistence unit 'default'
2018-04-14 11:37:40.807  INFO 9744 --- [restartedMain] s.w.s.m.m.a.RequestMappingHandlerAdapter : Looking for @ControllerAdvice: org.springframework.boot.web.servlet.context.AnnotationConfigServletWebServerApplicationContext@2f611a93: startup date [Sat Apr 14 11:37:36 CST 2018]; root of context hierarchy
2018-04-14 11:37:40.834  WARN 9744 --- [restartedMain] aWebConfiguration$JpaWebMvcConfiguration : spring.jpa.open-in-view is enabled by default. Therefore, database queries may be performed during view rendering. Explicitly configure spring.jpa.open-in-view to disable this warning
2018-04-14 11:37:40.868  INFO 9744 --- [restartedMain] s.w.s.m.m.a.RequestMappingHandlerMapping : Mapped "{[/user/findAll]}" onto public com.example.demo05.utils.JsonResult com.example.demo05.controller.UserController.findAll(int,int)
2018-04-14 11:37:40.871  INFO 9744 --- [restartedMain] s.w.s.m.m.a.RequestMappingHandlerMapping : Mapped "{[/error]}" onto public org.springframework.http.ResponseEntity<java.util.Map<java.lang.String, java.lang.Object>> org.springframework.boot.autoconfigure.web.servlet.error.BasicErrorController.error(javax.servlet.http.HttpServletRequest)
2018-04-14 11:37:40.871  INFO 9744 --- [restartedMain] s.w.s.m.m.a.RequestMappingHandlerMapping : Mapped "{[/error],produces=[text/html]}" onto public org.springframework.web.servlet.ModelAndView org.springframework.boot.autoconfigure.web.servlet.error.BasicErrorController.errorHtml(javax.servlet.http.HttpServletRequest,javax.servlet.http.HttpServletResponse)
2018-04-14 11:37:40.904  INFO 9744 --- [restartedMain] o.s.w.s.handler.SimpleUrlHandlerMapping  : Mapped URL path [/webjars/**] onto handler of type [class org.springframework.web.servlet.resource.ResourceHttpRequestHandler]
2018-04-14 11:37:40.904  INFO 9744 --- [restartedMain] o.s.w.s.handler.SimpleUrlHandlerMapping  : Mapped URL path [/**] onto handler of type [class org.springframework.web.servlet.resource.ResourceHttpRequestHandler]
2018-04-14 11:37:40.939  INFO 9744 --- [restartedMain] o.s.w.s.handler.SimpleUrlHandlerMapping  : Mapped URL path [/**/favicon.ico] onto handler of type [class org.springframework.web.servlet.resource.ResourceHttpRequestHandler]
2018-04-14 11:37:41.167  INFO 9744 --- [restartedMain] o.s.b.d.a.OptionalLiveReloadServer       : LiveReload server is running on port 35729
2018-04-14 11:37:41.233  INFO 9744 --- [restartedMain] o.s.j.e.a.AnnotationMBeanExporter        : Registering beans for JMX exposure on startup
2018-04-14 11:37:41.234  INFO 9744 --- [restartedMain] o.s.j.e.a.AnnotationMBeanExporter        : Bean with name 'dataSource' has been autodetected for JMX exposure
2018-04-14 11:37:41.241  INFO 9744 --- [restartedMain] o.s.j.e.a.AnnotationMBeanExporter        : Located MBean 'dataSource': registering with JMX server as MBean [com.alibaba.druid.pool:name=dataSource,type=DruidDataSource]
2018-04-14 11:37:41.273  INFO 9744 --- [restartedMain] o.s.b.w.embedded.tomcat.TomcatWebServer  : Tomcat started on port(s): 8888 (http) with context path ''
2018-04-14 11:37:41.277  INFO 9744 --- [restartedMain] com.example.demo05.Demo05Application     : Started Demo05Application in 5.265 seconds (JVM running for 6.756)
2018-04-14 11:37:49.784  INFO 9744 --- [http-nio-8888-exec-1] o.a.c.c.C.[Tomcat].[localhost].[/]       : Initializing Spring FrameworkServlet 'dispatcherServlet'
2018-04-14 11:37:49.784  INFO 9744 --- [http-nio-8888-exec-1] o.s.web.servlet.DispatcherServlet        : FrameworkServlet 'dispatcherServlet': initialization started
2018-04-14 11:37:49.819  INFO 9744 --- [http-nio-8888-exec-1] o.s.web.servlet.DispatcherServlet        : FrameworkServlet 'dispatcherServlet': initialization completed in 35 ms
2018-04-14 11:37:49.920  INFO 9744 --- [http-nio-8888-exec-1] c.e.demo05.controller.UserController     : findAll方法开始调用   输入参数：pageNum 1;pageSize 2
2018-04-14 11:37:49.976  INFO 9744 --- [http-nio-8888-exec-1] c.e.demo05.controller.UserController     : findAll方法结束调用
2018-04-14 11:38:14.579  INFO 9744 --- [http-nio-8888-exec-2] c.e.demo05.controller.UserController     : findAll方法开始调用   输入参数：pageNum 1;pageSize 2
2018-04-14 11:38:14.583  INFO 9744 --- [http-nio-8888-exec-2] c.e.demo05.controller.UserController     : findAll方法结束调用
